<?xml version="1.0" encoding="UTF-8"?>
<testsuite xmlns:xsi="http://www.w3.org/2001/XMLSchema-instance" xsi:noNamespaceSchemaLocation="https://maven.apache.org/surefire/maven-surefire-plugin/xsd/surefire-test-report-3.0.xsd" version="3.0" name="com.config.ConfigApplicationTests" time="8.813" tests="1" errors="0" skipped="0" failures="0">
  <properties>
[...]
</properties>
  <testcase name="contextLoads" classname="com.config.ConfigApplicationTests" time="1.883">
    <system-out><![CDATA[12:19:58.380 [main] INFO org.springframework.test.context.support.AnnotationConfigContextLoaderUtils -- Could not detect default configuration classes for test class [com.config.ConfigApplicationTests]: ConfigApplicationTests does not declare any static, non-private, non-final, nested classes annotated with @Configuration.
12:19:58.616 [main] INFO org.springframework.boot.test.context.SpringBootTestContextBootstrapper -- Found @SpringBootConfiguration com.config.ConfigApplication for test class com.config.ConfigApplicationTests
  ______   ______   .__   __.  _______  __    _______         _______. _______ .______     ____    ____  _______ .______
 /      | /  __  \  |  \ |  | |   ____||  |  /  _____|       /       ||   ____||   _  \    \   \  /   / |   ____||   _  \
|  ,----'|  |  |  | |   \|  | |  |__   |  | |  |  __        |   (----`|  |__   |  |_)  |    \   \/   /  |  |__   |  |_)  |
|  |     |  |  |  | |  . `  | |   __|  |  | |  | |_ |        \   \    |   __|  |      /      \      /   |   __|  |      /
|  `----.|  `--'  | |  |\   | |  |     |  | |  |__| |    .----)   |   |  |____ |  |\  \----.  \    /    |  |____ |  |\  \----.
 \______| \______/  |__| \__| |__|     |__|  \______|    |_______/    |_______|| _| `._____|   \__/     |_______|| _| `._____|
2024-07-28T12:19:59.854+05:30  INFO 14600 --- [config] [           main] com.config.ConfigApplicationTests        : Starting ConfigApplicationTests using Java 21.0.2 with PID 14600 (started by SaiKrishnaAnnam in E:\Spring-Boot-Projects\config-repo)
2024-07-28T12:19:59.870+05:30  INFO 14600 --- [config] [           main] com.config.ConfigApplicationTests        : No active profile set, falling back to 1 default profile: "default"
2024-07-28T12:20:02.181+05:30  INFO 14600 --- [config] [           main] o.s.cloud.context.scope.GenericScope     : BeanFactory id=61a80cb1-bb5f-360c-a9ea-4c16979b5be7
2024-07-28T12:20:04.685+05:30  INFO 14600 --- [config] [           main] com.config.ConfigApplicationTests        : Started ConfigApplicationTests in 5.703 seconds (process running for 7.857)
]]></system-out>
    <system-err><![CDATA[WARNING: A Java agent has been loaded dynamically (C:\Users\SaiKrishnaAnnam\.m2\repository\net\bytebuddy\byte-buddy-agent\1.14.12\byte-buddy-agent-1.14.12.jar)
WARNING: If a serviceability tool is in use, please run with -XX:+EnableDynamicAgentLoading to hide this warning
WARNING: If a serviceability tool is not in use, please run with -Djdk.instrument.traceUsage for more information
WARNING: Dynamic loading of agents will be disallowed by default in a future release
]]></system-err>
  </testcase>
</testsuite>